Starting project at C:\Users\LENOVO\OneDrive\Desktop\POS Myanmar\POS-Lite_Myanmar(Frontend)\pos-mobile-expo
Starting Metro Bundler
Networking has been disabled
Waiting on http://localhost:19006
Logs for your project will appear below.
Web .\index.ts ░░░░░░░░░░░░░░░░  0.0% (0/1)
Web .\index.ts ░░░░░░░░░░░░░░░░  0.0% (0/1)
Web .\index.ts ░░░░░░░░░░░░░░░░  0.0% (0/1)
Web .\index.ts ░░░░░░░░░░░░░░░░  1.0% (1/1)
Web .\index.ts ░░░░░░░░░░░░░░░░  0.0% (0/1)
Web .\index.ts ▓▓▓▓▓▓▓░░░░░░░░░ 48.4% (16/23)
Web .\index.ts ░░░░░░░░░░░░░░░░  0.0% (0/1)
Web .\index.ts ▓▓▓▓▓▓▓▓▓▓░░░░░░ 66.9% (38/57)
Web .\index.ts ░░░░░░░░░░░░░░░░  0.0% (0/1)
Web .\index.ts ▓▓▓▓▓▓▓▓▓▓░░░░░░ 66.9% (136/182)
Web .\index.ts ░░░░░░░░░░░░░░░░  0.0% (0/1)
Web .\index.ts ▓▓▓▓▓▓▓▓▓▓░░░░░░ 66.9% (257/335)
Web .\index.ts ░░░░░░░░░░░░░░░░  0.0% (0/1)
Web Bundled 23008ms index.ts (425 modules)
Web .\index.ts ▓▓▓▓▓▓▓▓▓▓▓▓▓▓▓░ 99.9% (425/425)
Web .\index.ts ░░░░░░░░░░░░░░░░  0.0% (0/1)
Web Bundled 22016ms index.ts (1 module)
 LOG  [web] Logs will appear in the browser console
Web .\index.ts ░░░░░░░░░░░░░░░░  0.0% (0/1)
Web Bundled 139ms index.ts (1 module)
 LOG  [web] Logs will appear in the browser console
